<?xml version="1.0" encoding="UTF-8"?>
<!-- Generated by org.testng.reporters.JUnitReportReporter -->
<testsuite hostname="LAPTOP-5K9H8Q3R" failures="0" tests="1" name="com.Solutions.assignment.ActiveLicenseTest" time="5.089" errors="0" timestamp="21 Aug 2020 08:27:30 GMT" skipped="0">
  <testcase classname="com.Solutions.assignment.ActiveLicenseTest" name="readActiveLicensePDF" time="5.089"/>
</testsuite> <!-- com.Solutions.assignment.ActiveLicenseTest -->
