<?xml version="1.0" encoding="UTF-8"?>
<!-- Generated by org.testng.reporters.JUnitReportReporter -->
<testsuite hostname="LAPTOP-5K9H8Q3R" failures="0" tests="1" name="com.Solutions.assignment.TransportPDFFirstLine" time="2.488" errors="0" timestamp="21 Aug 2020 08:50:06 GMT" skipped="0">
  <testcase classname="com.Solutions.assignment.TransportPDFFirstLine" name="readFirstLineStatementPDF" time="2.488"/>
</testsuite> <!-- com.Solutions.assignment.TransportPDFFirstLine -->
