<?xml version="1.0" encoding="UTF-8"?>
<!-- Generated by org.testng.reporters.JUnitReportReporter -->
<testsuite hostname="LAPTOP-5K9H8Q3R" failures="0" tests="1" name="com.Solutions.assignment.LeadsTest" time="5.443" errors="0" timestamp="25 Aug 2020 19:25:40 GMT" skipped="0">
  <testcase classname="com.Solutions.assignment.LeadsTest" name="readLeadsExcelFile" time="5.443"/>
</testsuite> <!-- com.Solutions.assignment.LeadsTest -->
