<?xml version="1.0" encoding="UTF-8"?>
<!-- Generated by org.testng.reporters.JUnitReportReporter -->
<testsuite hostname="LAPTOP-5K9H8Q3R" failures="0" tests="1" name="com.Solutions.assignment.PDFReaderTest" time="3.482" errors="0" timestamp="29 Aug 2020 08:27:25 GMT" skipped="0">
  <testcase classname="com.Solutions.assignment.PDFReaderTest" name="pdfReadRunner" time="3.482"/>
</testsuite> <!-- com.Solutions.assignment.PDFReaderTest -->
