<?xml version="1.0" encoding="UTF-8"?>
<!-- Generated by org.testng.reporters.JUnitReportReporter -->
<testsuite hostname="LAPTOP-5K9H8Q3R" failures="0" tests="1" name="com.Solutions.assignment.RestAPITest" time="8.311" errors="0" timestamp="21 Aug 2020 08:27:30 GMT" skipped="0">
  <testcase classname="com.Solutions.assignment.RestAPITest" name="getEndPointData" time="8.311"/>
</testsuite> <!-- com.Solutions.assignment.RestAPITest -->
