<?xml version="1.0" encoding="UTF-8"?>
<!-- Generated by org.testng.reporters.JUnitReportReporter -->
<testsuite hostname="LAPTOP-5K9H8Q3R" failures="0" tests="1" name="com.Solutions.assignment.PDFReaderTest" time="4.606" errors="0" timestamp="25 Aug 2020 19:25:40 GMT" skipped="0">
  <testcase classname="com.Solutions.assignment.PDFReaderTest" name="pdfReadRunner" time="4.606"/>
</testsuite> <!-- com.Solutions.assignment.PDFReaderTest -->
