<?xml version="1.0" encoding="UTF-8"?>
<!-- Generated by org.testng.reporters.JUnitReportReporter -->
<testsuite hostname="LAPTOP-5K9H8Q3R" failures="0" tests="1" name="com.Solutions.assignment.LeadsTest" time="2.509" errors="0" timestamp="21 Aug 2020 08:53:27 GMT" skipped="0">
  <testcase classname="com.Solutions.assignment.LeadsTest" name="readLeadsExcelFile" time="2.509"/>
</testsuite> <!-- com.Solutions.assignment.LeadsTest -->
