<?xml version="1.0" encoding="UTF-8"?>
<!-- Generated by org.testng.reporters.JUnitReportReporter -->
<testsuite hostname="LAPTOP-5K9H8Q3R" failures="0" tests="1" name="com.Solutions.assignment.TransportPDFFirstLine" time="3.498" errors="0" timestamp="23 Aug 2020 15:19:16 GMT" skipped="0">
  <testcase classname="com.Solutions.assignment.TransportPDFFirstLine" name="readFirstLineStatementPDF" time="3.498"/>
</testsuite> <!-- com.Solutions.assignment.TransportPDFFirstLine -->
