<?xml version="1.0" encoding="UTF-8"?>
<!-- Generated by org.testng.reporters.JUnitReportReporter -->
<testsuite hostname="LAPTOP-5K9H8Q3R" failures="0" tests="1" name="com.Solutions.assignment.Map_rectified" time="90.161" errors="0" timestamp="24 Aug 2020 17:01:41 GMT" skipped="0">
  <testcase classname="com.Solutions.assignment.Map_rectified" name="primaryExecutor" time="90.161"/>
</testsuite> <!-- com.Solutions.assignment.Map_rectified -->
